0 info it worked if it ends with ok
1 verbose cli [ '/usr/local/bin/node',
1 verbose cli   '/usr/local/bin/npm',
1 verbose cli   'run-script',
1 verbose cli   'debug',
1 verbose cli   '--inspect-brk=35658' ]
2 info using npm@3.4.0
3 info using node@v4.2.2
4 verbose config Skipping project config: /Users/andrewmp/.npmrc. (matches userconfig)
5 verbose stack Error: ENOENT: no such file or directory, open '/Users/andrewmp/package.json'
5 verbose stack     at Error (native)
6 verbose cwd /Users/andrewmp/Desktop/ColtSteeleDSA
7 error Darwin 16.7.0
8 error argv "/usr/local/bin/node" "/usr/local/bin/npm" "run-script" "debug" "--inspect-brk=35658"
9 error node v4.2.2
10 error npm  v3.4.0
11 error path /Users/andrewmp/package.json
12 error code ENOENT
13 error errno -2
14 error syscall open
15 error enoent ENOENT: no such file or directory, open '/Users/andrewmp/package.json'
15 error enoent This is most likely not a problem with npm itself
15 error enoent and is related to npm not being able to find a file.
16 verbose exit [ -2, true ]
